[2022-03-21 17:40:35]	[34minfo[0m	schedule/topGameFi.go:102	插入TopCmkGameFi:Error 1366: Incorrect string value: '\x89PNG\x0D\x0A...' for column 'coin_pic' at row 1
[2022-03-21 17:40:41]	[34minfo[0m	schedule/topGameFi.go:102	插入TopCmkGameFi:Error 1366: Incorrect string value: '\x89PNG\x0D\x0A...' for column 'coin_pic' at row 1
[2022-03-21 17:40:49]	[34minfo[0m	schedule/topGameFi.go:102	插入TopCmkGameFi:Error 1366: Incorrect string value: '\x89PNG\x0D\x0A...' for column 'coin_pic' at row 1
[2022-03-21 17:40:49]	[34minfo[0m	schedule/topGameFi.go:41	更新失败 synCmcGameFi:Error 1366: Incorrect string value: '\x89PNG\x0D\x0A...' for column 'coin_pic' at row 1
[2022-03-21 17:41:33]	[34minfo[0m	schedule/topGameFi.go:102	插入TopCmkGameFi:Error 1366: Incorrect string value: '\x89PNG\x0D\x0A...' for column 'coin_pic' at row 1
[2022-03-21 17:41:40]	[34minfo[0m	schedule/topGameFi.go:102	插入TopCmkGameFi:Error 1366: Incorrect string value: '\x89PNG\x0D\x0A...' for column 'coin_pic' at row 1
[2022-03-21 17:41:47]	[34minfo[0m	schedule/topGameFi.go:102	插入TopCmkGameFi:Error 1366: Incorrect string value: '\x89PNG\x0D\x0A...' for column 'coin_pic' at row 1
[2022-03-21 17:41:47]	[34minfo[0m	schedule/topGameFi.go:41	更新失败 synCmcGameFi:Error 1366: Incorrect string value: '\x89PNG\x0D\x0A...' for column 'coin_pic' at row 1
[2022-03-21 17:42:33]	[34minfo[0m	schedule/topGameFi.go:102	插入TopCmkGameFi:Error 1366: Incorrect string value: '\x89PNG\x0D\x0A...' for column 'coin_pic' at row 1
[2022-03-21 17:42:40]	[34minfo[0m	schedule/topGameFi.go:102	插入TopCmkGameFi:Error 1366: Incorrect string value: '\x89PNG\x0D\x0A...' for column 'coin_pic' at row 1
[2022-03-21 17:42:47]	[34minfo[0m	schedule/topGameFi.go:102	插入TopCmkGameFi:Error 1366: Incorrect string value: '\x89PNG\x0D\x0A...' for column 'coin_pic' at row 1
[2022-03-21 17:42:47]	[34minfo[0m	schedule/topGameFi.go:41	更新失败 synCmcGameFi:Error 1366: Incorrect string value: '\x89PNG\x0D\x0A...' for column 'coin_pic' at row 1
[2022-03-21 17:43:34]	[34minfo[0m	schedule/topGameFi.go:102	插入TopCmkGameFi:Error 1366: Incorrect string value: '\x89PNG\x0D\x0A...' for column 'coin_pic' at row 1
[2022-03-21 17:43:41]	[34minfo[0m	schedule/topGameFi.go:102	插入TopCmkGameFi:Error 1366: Incorrect string value: '\x89PNG\x0D\x0A...' for column 'coin_pic' at row 1
[2022-03-21 17:43:48]	[34minfo[0m	schedule/topGameFi.go:102	插入TopCmkGameFi:Error 1366: Incorrect string value: '\x89PNG\x0D\x0A...' for column 'coin_pic' at row 1
[2022-03-21 17:43:48]	[34minfo[0m	schedule/topGameFi.go:41	更新失败 synCmcGameFi:Error 1366: Incorrect string value: '\x89PNG\x0D\x0A...' for column 'coin_pic' at row 1
[2022-03-21 17:49:50]	[34minfo[0m	schedule/topGameFi.go:102	插入TopCmkGameFi:Error 1136: Column count doesn't match value count at row 1
[2022-03-21 17:49:56]	[34minfo[0m	schedule/topGameFi.go:102	插入TopCmkGameFi:Error 1136: Column count doesn't match value count at row 1
[2022-03-21 17:49:57]	[34minfo[0m	schedule/topGameFi.go:74	插入TopCkoGameFi:Error 1136: Column count doesn't match value count at row 1
[2022-03-21 17:50:03]	[34minfo[0m	schedule/topGameFi.go:74	插入TopCkoGameFi:Error 1136: Column count doesn't match value count at row 1
[2022-03-21 17:50:03]	[34minfo[0m	schedule/topGameFi.go:102	插入TopCmkGameFi:Error 1136: Column count doesn't match value count at row 1
[2022-03-21 17:50:03]	[34minfo[0m	schedule/topGameFi.go:41	更新失败 synCmcGameFi:Error 1136: Column count doesn't match value count at row 1
[2022-03-21 17:50:09]	[34minfo[0m	schedule/topGameFi.go:74	插入TopCkoGameFi:Error 1136: Column count doesn't match value count at row 1
[2022-03-21 17:50:09]	[34minfo[0m	schedule/topGameFi.go:51	更新失败 syncCoinGk :Error 1136: Column count doesn't match value count at row 1
[2022-03-21 17:50:49]	[34minfo[0m	schedule/topGameFi.go:102	插入TopCmkGameFi:Error 1136: Column count doesn't match value count at row 1
[2022-03-21 17:50:52]	[34minfo[0m	schedule/topGameFi.go:74	插入TopCkoGameFi:Error 1136: Column count doesn't match value count at row 1
[2022-03-21 17:50:55]	[34minfo[0m	schedule/topGameFi.go:102	插入TopCmkGameFi:Error 1136: Column count doesn't match value count at row 1
[2022-03-21 17:50:58]	[34minfo[0m	schedule/topGameFi.go:74	插入TopCkoGameFi:Error 1136: Column count doesn't match value count at row 1
[2022-03-21 17:51:03]	[34minfo[0m	schedule/topGameFi.go:102	插入TopCmkGameFi:Error 1136: Column count doesn't match value count at row 1
[2022-03-21 17:51:03]	[34minfo[0m	schedule/topGameFi.go:41	更新失败 synCmcGameFi:Error 1136: Column count doesn't match value count at row 1
[2022-03-21 17:51:06]	[34minfo[0m	schedule/topGameFi.go:74	插入TopCkoGameFi:Error 1136: Column count doesn't match value count at row 1
[2022-03-21 17:51:06]	[34minfo[0m	schedule/topGameFi.go:51	更新失败 syncCoinGk :Error 1136: Column count doesn't match value count at row 1
[2022-03-21 17:52:21]	[34minfo[0m	schedule/topGameFi.go:102	插入TopCmkGameFi:Error 1136: Column count doesn't match value count at row 1
[2022-03-21 17:52:25]	[34minfo[0m	schedule/topGameFi.go:74	插入TopCkoGameFi:sql: expected 1824 arguments, got 1596
[2022-03-21 17:52:28]	[34minfo[0m	schedule/topGameFi.go:102	插入TopCmkGameFi:Error 1136: Column count doesn't match value count at row 1
[2022-03-21 17:52:32]	[34minfo[0m	schedule/topGameFi.go:74	插入TopCkoGameFi:sql: expected 1824 arguments, got 1596
